2021-05-10 22:44:33 INFO  Log:48 - User is on the Twitter Login page
2021-05-10 22:44:46 INFO  Log:48 - User is on the Twitter Login page
2021-05-10 22:45:01 INFO  Log:48 - User is on the Twitter Login page
2021-05-10 22:50:19 INFO  Log:48 - User is on the Twitter Login page
2021-05-10 22:50:19 INFO  Log:48 - Log in button is disabled
2021-05-10 22:50:32 INFO  Log:48 - User is on the Twitter Login page
2021-05-10 22:50:32 INFO  Log:48 - User entered incorrect user name
2021-05-10 22:50:33 INFO  Log:48 - User entered incorrect user Password
2021-05-10 22:50:33 INFO  Log:48 - Login button clicked
2021-05-10 22:50:34 INFO  Log:48 - Invalid username or password message is displayed
2021-05-10 22:50:47 INFO  Log:48 - User is on the Twitter Login page
2021-05-10 22:50:47 INFO  Log:48 - Valid username entered
2021-05-10 22:50:47 INFO  Log:48 - Valid Password entered
2021-05-10 22:50:49 INFO  Log:48 - Login button clicked
2021-05-10 22:50:49 INFO  Log:48 - User is redirected to Home page
2021-05-10 22:53:29 INFO  Log:48 - Sceanrio started
2021-05-10 22:53:35 INFO  Log:48 - User is on the Twitter Login page
2021-05-10 22:53:36 INFO  Log:48 - Log in button is disabled
2021-05-10 22:53:42 INFO  Log:48 - Sceanrio ended
2021-05-10 22:53:43 INFO  Log:48 - Sceanrio started
2021-05-10 22:53:49 INFO  Log:48 - User is on the Twitter Login page
2021-05-10 22:53:49 INFO  Log:48 - User entered incorrect user name
2021-05-10 22:53:49 INFO  Log:48 - User entered incorrect user Password
2021-05-10 22:53:50 INFO  Log:48 - Login button clicked
2021-05-10 22:53:51 INFO  Log:48 - Invalid username or password message is displayed
2021-05-10 22:53:56 INFO  Log:48 - Sceanrio ended
2021-05-10 22:53:58 INFO  Log:48 - Sceanrio started
2021-05-10 22:54:04 INFO  Log:48 - User is on the Twitter Login page
2021-05-10 22:54:04 INFO  Log:48 - Valid username entered
2021-05-10 22:54:04 INFO  Log:48 - Valid Password entered
2021-05-10 22:54:06 INFO  Log:48 - Login button clicked
2021-05-10 22:54:06 INFO  Log:48 - User is redirected to Home page
2021-05-10 22:54:12 INFO  Log:48 - Sceanrio ended
2021-05-10 22:57:00 INFO  Log:48 - Sceanrio started -----
2021-05-10 22:57:06 INFO  Log:48 - User is on the Twitter Login page
2021-05-10 22:57:07 INFO  Log:48 - Log in button is disabled
2021-05-10 22:57:12 INFO  Log:48 - Sceanrio ended -----
2021-05-10 22:57:14 INFO  Log:48 - Sceanrio started -----
2021-05-10 22:57:20 INFO  Log:48 - User is on the Twitter Login page
2021-05-10 22:57:20 INFO  Log:48 - User entered incorrect user name
2021-05-10 22:57:20 INFO  Log:48 - User entered incorrect user Password
2021-05-10 22:57:21 INFO  Log:48 - Login button clicked
2021-05-10 22:57:21 INFO  Log:48 - Invalid username or password message is displayed
2021-05-10 22:57:27 INFO  Log:48 - Sceanrio ended -----
2021-05-10 22:57:28 INFO  Log:48 - Sceanrio started -----
2021-05-10 22:57:35 INFO  Log:48 - User is on the Twitter Login page
2021-05-10 22:57:35 INFO  Log:48 - Valid username entered
2021-05-10 22:57:35 INFO  Log:48 - Valid Password entered
2021-05-10 22:57:36 INFO  Log:48 - Login button clicked
2021-05-10 22:57:37 INFO  Log:48 - User is redirected to Home page
2021-05-10 22:57:43 INFO  Log:48 - Sceanrio ended -----
2021-05-15 17:48:03 INFO  Log:48 - Sceanrio execution started -----
2021-05-15 17:48:18 INFO  Log:48 - User is on the Twitter Login page
2021-05-15 17:48:18 INFO  Log:48 - Log in button is disabled
2021-05-15 17:48:24 INFO  Log:48 - Sceanrio execution ended -------
2021-05-15 17:48:25 INFO  Log:48 - Sceanrio execution started -----
2021-05-15 17:48:38 INFO  Log:48 - User is on the Twitter Login page
2021-05-15 17:48:38 INFO  Log:48 - User entered incorrect user name
2021-05-15 17:48:39 INFO  Log:48 - User entered incorrect user Password
2021-05-15 17:48:40 INFO  Log:48 - Login button clicked
2021-05-15 17:48:40 INFO  Log:48 - Invalid username or password message is displayed
2021-05-15 17:48:45 INFO  Log:48 - Sceanrio execution ended -------
2021-05-15 17:48:47 INFO  Log:48 - Sceanrio execution started -----
2021-05-15 17:49:02 INFO  Log:48 - User is on the Twitter Login page
2021-05-15 17:49:03 INFO  Log:48 - Valid username entered
2021-05-15 17:49:03 INFO  Log:48 - Valid Password entered
2021-05-15 17:49:04 INFO  Log:48 - Login button clicked
2021-05-15 17:50:10 INFO  Log:48 - Sceanrio execution ended -------
2021-05-15 18:41:53 INFO  Log:48 - Sceanrio execution ended -------
2021-05-15 18:42:00 INFO  Log:48 - Sceanrio execution ended -------
2021-05-15 18:42:07 INFO  Log:48 - Sceanrio execution ended -------
2021-05-15 18:42:33 INFO  Log:48 - Sceanrio execution started -----
2021-05-15 18:42:40 INFO  Log:48 - User is on the Twitter Login page
2021-05-15 18:42:40 INFO  Log:48 - Log in button is disabled
2021-05-15 18:42:46 INFO  Log:48 - Sceanrio execution ended -------
2021-05-15 18:42:47 INFO  Log:48 - Sceanrio execution started -----
2021-05-15 18:42:53 INFO  Log:48 - User is on the Twitter Login page
2021-05-15 18:42:53 INFO  Log:48 - User entered incorrect user name
2021-05-15 18:42:53 INFO  Log:48 - User entered incorrect user Password
2021-05-15 18:42:54 INFO  Log:48 - Login button clicked
2021-05-15 18:43:00 INFO  Log:48 - Sceanrio execution ended -------
2021-05-15 18:43:01 INFO  Log:48 - Sceanrio execution started -----
2021-05-15 18:43:07 INFO  Log:48 - User is on the Twitter Login page
2021-05-15 18:43:07 INFO  Log:48 - Valid username entered
2021-05-15 18:43:07 INFO  Log:48 - Valid Password entered
2021-05-15 18:43:08 INFO  Log:48 - Login button clicked
2021-05-15 18:43:14 INFO  Log:48 - Sceanrio execution ended -------
2021-05-15 18:44:18 INFO  Log:48 - Sceanrio execution started -----
2021-05-15 18:44:24 INFO  Log:48 - User is on the Twitter Login page
2021-05-15 18:44:24 INFO  Log:48 - Log in button is disabled
2021-05-15 18:44:30 INFO  Log:48 - Sceanrio execution ended -------
2021-05-15 18:44:31 INFO  Log:48 - Sceanrio execution started -----
2021-05-15 18:44:37 INFO  Log:48 - User is on the Twitter Login page
2021-05-15 18:44:37 INFO  Log:48 - User entered incorrect user name
2021-05-15 18:44:37 INFO  Log:48 - User entered incorrect user Password
2021-05-15 18:44:38 INFO  Log:48 - Login button clicked
2021-05-15 18:44:44 INFO  Log:48 - Sceanrio execution ended -------
2021-05-15 18:44:45 INFO  Log:48 - Sceanrio execution started -----
2021-05-15 18:44:51 INFO  Log:48 - User is on the Twitter Login page
2021-05-15 18:44:51 INFO  Log:48 - Valid username entered
2021-05-15 18:44:51 INFO  Log:48 - Valid Password entered
2021-05-15 18:44:52 INFO  Log:48 - Login button clicked
2021-05-15 18:44:58 INFO  Log:48 - Sceanrio execution ended -------
2021-05-15 18:50:00 INFO  Log:48 - Sceanrio execution started -----
2021-05-15 18:50:06 INFO  Log:48 - User is on the Twitter Login page
2021-05-15 18:50:06 INFO  Log:48 - Log in button is disabled
2021-05-15 18:50:12 INFO  Log:48 - Sceanrio execution ended -------
2021-05-15 18:50:13 INFO  Log:48 - Sceanrio execution started -----
2021-05-15 18:50:19 INFO  Log:48 - User is on the Twitter Login page
2021-05-15 18:50:19 INFO  Log:48 - User entered incorrect user name
2021-05-15 18:50:20 INFO  Log:48 - User entered incorrect user Password
2021-05-15 18:50:20 INFO  Log:48 - Login button clicked
2021-05-15 18:50:21 INFO  Log:48 - Invalid username or password message is displayed
2021-05-15 18:50:26 INFO  Log:48 - Sceanrio execution ended -------
2021-05-15 18:50:27 INFO  Log:48 - Sceanrio execution started -----
2021-05-15 18:50:33 INFO  Log:48 - User is on the Twitter Login page
2021-05-15 18:50:34 INFO  Log:48 - Valid username entered
2021-05-15 18:50:34 INFO  Log:48 - Valid Password entered
2021-05-15 18:50:35 INFO  Log:48 - Login button clicked
2021-05-15 18:50:45 INFO  Log:48 - User is redirected to Home page
2021-05-15 18:50:51 INFO  Log:48 - Sceanrio execution ended -------
2021-05-15 18:51:33 INFO  Log:48 - Sceanrio execution started -----
2021-05-15 18:51:39 INFO  Log:48 - User is on the Twitter Login page
2021-05-15 18:51:39 INFO  Log:48 - Log in button is disabled
2021-05-15 18:51:45 INFO  Log:48 - Sceanrio execution ended -------
2021-05-15 18:51:46 INFO  Log:48 - Sceanrio execution started -----
2021-05-15 18:51:52 INFO  Log:48 - User is on the Twitter Login page
2021-05-15 18:51:52 INFO  Log:48 - User entered incorrect user name
2021-05-15 18:51:52 INFO  Log:48 - User entered incorrect user Password
2021-05-15 18:51:53 INFO  Log:48 - Login button clicked
2021-05-15 18:51:53 INFO  Log:48 - Invalid username or password message is displayed
2021-05-15 18:51:59 INFO  Log:48 - Sceanrio execution ended -------
2021-05-15 18:52:00 INFO  Log:48 - Sceanrio execution started -----
2021-05-15 18:52:06 INFO  Log:48 - User is on the Twitter Login page
2021-05-15 18:52:06 INFO  Log:48 - Valid username entered
2021-05-15 18:52:07 INFO  Log:48 - Valid Password entered
2021-05-15 18:52:08 INFO  Log:48 - Login button clicked
2021-05-15 18:52:08 INFO  Log:48 - User is redirected to Home page
2021-05-15 18:52:14 INFO  Log:48 - Sceanrio execution ended -------
2021-05-15 18:56:41 INFO  Log:48 - Sceanrio execution started -----
2021-05-15 18:56:48 INFO  Log:48 - User is on the Twitter Login page
2021-05-15 18:56:48 INFO  Log:48 - Log in button is disabled
2021-05-15 18:56:54 INFO  Log:48 - Sceanrio execution ended -------
2021-05-15 18:56:55 INFO  Log:48 - Sceanrio execution started -----
2021-05-15 18:57:02 INFO  Log:48 - User is on the Twitter Login page
2021-05-15 18:57:02 INFO  Log:48 - User entered incorrect user name
2021-05-15 18:57:02 INFO  Log:48 - User entered incorrect user Password
2021-05-15 18:57:03 INFO  Log:48 - Login button clicked
2021-05-15 18:57:04 INFO  Log:48 - Invalid username or password message is displayed
2021-05-15 18:57:09 INFO  Log:48 - Sceanrio execution ended -------
2021-05-15 18:57:10 INFO  Log:48 - Sceanrio execution started -----
2021-05-15 18:57:17 INFO  Log:48 - User is on the Twitter Login page
2021-05-15 18:57:17 INFO  Log:48 - Valid username entered
2021-05-15 18:57:18 INFO  Log:48 - Valid Password entered
2021-05-15 18:57:19 INFO  Log:48 - Login button clicked
2021-05-15 18:57:19 INFO  Log:48 - User is redirected to Home page
2021-05-15 18:57:25 INFO  Log:48 - Sceanrio execution ended -------
2021-05-15 19:00:45 INFO  Log:48 - Sceanrio execution started -----
2021-05-15 19:00:51 INFO  Log:48 - Sceanrio execution ended -------
2021-05-15 19:00:52 INFO  Log:48 - Sceanrio execution started -----
2021-05-15 19:00:58 INFO  Log:48 - Sceanrio execution ended -------
2021-05-15 19:00:59 INFO  Log:48 - Sceanrio execution started -----
2021-05-15 19:01:05 INFO  Log:48 - Sceanrio execution ended -------
2021-05-15 19:01:54 INFO  Log:48 - Sceanrio execution started -----
2021-05-15 19:02:01 INFO  Log:48 - User is on the Twitter Login page
2021-05-15 19:02:01 INFO  Log:48 - Log in button is disabled
2021-05-15 19:02:07 INFO  Log:48 - Sceanrio execution ended -------
2021-05-15 19:02:08 INFO  Log:48 - Sceanrio execution started -----
2021-05-15 19:02:15 INFO  Log:48 - User is on the Twitter Login page
2021-05-15 19:02:15 INFO  Log:48 - User entered incorrect user name
2021-05-15 19:02:15 INFO  Log:48 - User entered incorrect user Password
2021-05-15 19:02:16 INFO  Log:48 - Login button clicked
2021-05-15 19:02:16 INFO  Log:48 - Invalid username or password message is displayed
2021-05-15 19:02:22 INFO  Log:48 - Sceanrio execution ended -------
2021-05-15 19:02:23 INFO  Log:48 - Sceanrio execution started -----
2021-05-15 19:02:30 INFO  Log:48 - User is on the Twitter Login page
2021-05-15 19:02:30 INFO  Log:48 - Valid username entered
2021-05-15 19:02:30 INFO  Log:48 - Valid Password entered
2021-05-15 19:02:31 INFO  Log:48 - Login button clicked
2021-05-15 19:02:32 INFO  Log:48 - User is redirected to Home page
2021-05-15 19:02:39 INFO  Log:48 - Sceanrio execution ended -------
2021-05-15 19:04:01 INFO  Log:48 - Sceanrio execution started -----
2021-05-15 19:04:08 INFO  Log:48 - User is on the Twitter Login page
2021-05-15 19:04:08 INFO  Log:48 - Log in button is disabled
2021-05-15 19:04:14 INFO  Log:48 - Sceanrio execution ended -------
2021-05-15 19:04:15 INFO  Log:48 - Sceanrio execution started -----
2021-05-15 19:04:22 INFO  Log:48 - User is on the Twitter Login page
2021-05-15 19:04:22 INFO  Log:48 - User entered incorrect user name
2021-05-15 19:04:22 INFO  Log:48 - User entered incorrect user Password
2021-05-15 19:04:23 INFO  Log:48 - Login button clicked
2021-05-15 19:04:23 INFO  Log:48 - Invalid username or password message is displayed
2021-05-15 19:04:29 INFO  Log:48 - Sceanrio execution ended -------
2021-05-15 19:04:30 INFO  Log:48 - Sceanrio execution started -----
2021-05-15 19:04:37 INFO  Log:48 - User is on the Twitter Login page
2021-05-15 19:04:37 INFO  Log:48 - Valid username entered
2021-05-15 19:04:37 INFO  Log:48 - Valid Password entered
2021-05-15 19:04:38 INFO  Log:48 - Login button clicked
2021-05-15 19:04:38 INFO  Log:48 - User is redirected to Home page
2021-05-15 19:04:45 INFO  Log:48 - Sceanrio execution ended -------
2021-05-15 19:10:11 INFO  Log:48 - Sceanrio execution started -----
2021-05-15 19:10:37 INFO  Log:48 - Sceanrio execution ended -------
2021-05-15 19:11:03 INFO  Log:48 - Sceanrio execution started -----
2021-05-15 19:11:14 INFO  Log:48 - Sceanrio execution ended -------
2021-05-15 19:12:46 INFO  Log:48 - Sceanrio execution started -----
2021-05-15 19:13:25 INFO  Log:48 - Sceanrio execution ended -------
2021-05-15 19:13:35 INFO  Log:48 - Sceanrio execution started -----
2021-05-15 19:14:16 INFO  Log:48 - Sceanrio execution ended -------
2021-05-15 19:17:30 INFO  Log:48 - Sceanrio execution started -----
2021-05-15 19:18:11 INFO  Log:48 - Sceanrio execution ended -------
2021-05-15 19:36:48 INFO  Log:48 - Sceanrio execution started -----
2021-05-15 19:37:01 INFO  Log:48 - Sceanrio execution ended -------
2021-05-15 20:09:52 INFO  Log:48 - Sceanrio execution started -----
2021-05-15 20:09:58 INFO  Log:48 - User is on the Twitter Login page
2021-05-15 20:09:58 INFO  Log:48 - Log in button is disabled
2021-05-15 20:10:03 INFO  Log:48 - Sceanrio execution ended -------
2021-05-15 20:10:05 INFO  Log:48 - Sceanrio execution started -----
2021-05-15 20:10:11 INFO  Log:48 - User is on the Twitter Login page
2021-05-15 20:10:11 INFO  Log:48 - User entered incorrect user name
2021-05-15 20:10:11 INFO  Log:48 - User entered incorrect user Password
2021-05-15 20:10:12 INFO  Log:48 - Login button clicked
2021-05-15 20:10:12 INFO  Log:48 - Invalid username or password message is displayed
2021-05-15 20:10:18 INFO  Log:48 - Sceanrio execution ended -------
2021-05-15 20:10:19 INFO  Log:48 - Sceanrio execution started -----
2021-05-15 20:10:25 INFO  Log:48 - User is on the Twitter Login page
2021-05-15 20:10:25 INFO  Log:48 - Valid username entered
2021-05-15 20:10:25 INFO  Log:48 - Valid Password entered
2021-05-15 20:10:26 INFO  Log:48 - Login button clicked
2021-05-15 20:10:27 INFO  Log:48 - User is redirected to Home page
2021-05-15 20:10:33 INFO  Log:48 - Sceanrio execution ended -------
2021-05-15 22:18:03 INFO  Log:48 - Sceanrio execution started -----
2021-05-15 22:18:13 INFO  Log:48 - User is on the Twitter Login page
2021-05-15 22:18:13 INFO  Log:48 - Log in button is disabled
2021-05-15 22:18:24 INFO  Log:48 - Sceanrio execution ended -------
2021-05-15 22:18:45 INFO  Log:48 - Sceanrio execution started -----
2021-05-15 22:18:54 INFO  Log:48 - User is on the Twitter Login page
2021-05-15 22:18:55 INFO  Log:48 - User entered incorrect user name
2021-05-15 22:18:56 INFO  Log:48 - User entered incorrect user Password
2021-05-15 22:19:00 INFO  Log:48 - Login button clicked
2021-05-15 22:19:16 INFO  Log:48 - Sceanrio execution ended -------
2021-05-15 22:19:33 INFO  Log:48 - Sceanrio execution started -----
2021-05-15 22:19:43 INFO  Log:48 - User is on the Twitter Login page
2021-05-15 22:19:44 INFO  Log:48 - Valid username entered
2021-05-15 22:19:44 INFO  Log:48 - Valid Password entered
2021-05-15 22:19:49 INFO  Log:48 - Login button clicked
2021-05-15 22:19:55 INFO  Log:48 - User is redirected to Home page
2021-05-15 22:20:14 INFO  Log:48 - Sceanrio execution ended -------
2021-05-15 22:29:29 INFO  Log:48 - Sceanrio execution started -----
2021-05-15 22:32:25 INFO  Log:48 - Sceanrio execution started -----
2021-05-15 22:32:33 INFO  Log:48 - User is on the Twitter Login page
2021-05-15 22:32:33 INFO  Log:48 - Log in button is disabled
2021-05-15 22:32:40 INFO  Log:48 - Sceanrio execution ended -------
2021-05-15 22:32:44 INFO  Log:48 - Sceanrio execution started -----
2021-05-15 22:32:52 INFO  Log:48 - User is on the Twitter Login page
2021-05-15 22:32:53 INFO  Log:48 - User entered incorrect user name
2021-05-15 22:32:55 INFO  Log:48 - User entered incorrect user Password
2021-05-15 22:32:59 INFO  Log:48 - Login button clicked
2021-05-15 22:33:01 INFO  Log:48 - Invalid username or password message is displayed
2021-05-15 22:33:08 INFO  Log:48 - Sceanrio execution ended -------
2021-05-15 22:33:11 INFO  Log:48 - Sceanrio execution started -----
2021-05-15 22:33:21 INFO  Log:48 - User is on the Twitter Login page
2021-05-15 22:33:22 INFO  Log:48 - Valid username entered
2021-05-15 22:33:23 INFO  Log:48 - Valid Password entered
2021-05-15 22:33:27 INFO  Log:48 - Login button clicked
2021-05-15 22:33:36 INFO  Log:48 - User is redirected to Home page
2021-05-15 22:33:45 INFO  Log:48 - Sceanrio execution ended -------
2021-05-17 07:17:11 INFO  Log:48 - Sceanrio execution started -----
2021-05-17 07:17:22 INFO  Log:48 - User is on the Twitter Login page
2021-05-17 07:17:23 INFO  Log:48 - Log in button is disabled
2021-05-17 07:17:28 INFO  Log:48 - Sceanrio execution ended -------
2021-05-17 07:17:30 INFO  Log:48 - Sceanrio execution started -----
2021-05-17 07:17:38 INFO  Log:48 - User is on the Twitter Login page
2021-05-17 07:17:38 INFO  Log:48 - User entered incorrect user name
2021-05-17 07:17:38 INFO  Log:48 - User entered incorrect user Password
2021-05-17 07:17:39 INFO  Log:48 - Login button clicked
2021-05-17 07:17:40 INFO  Log:48 - Invalid username or password message is displayed
2021-05-17 07:17:45 INFO  Log:48 - Sceanrio execution ended -------
2021-05-17 07:17:47 INFO  Log:48 - Sceanrio execution started -----
2021-05-17 07:17:54 INFO  Log:48 - User is on the Twitter Login page
2021-05-17 07:17:54 INFO  Log:48 - Valid username entered
2021-05-17 07:17:55 INFO  Log:48 - Valid Password entered
2021-05-17 07:17:56 INFO  Log:48 - Login button clicked
2021-05-17 07:17:57 INFO  Log:48 - User is redirected to Home page
2021-05-17 07:18:03 INFO  Log:48 - Sceanrio execution ended -------
2021-05-17 07:18:38 INFO  Log:48 - Sceanrio execution started -----
2021-05-17 07:18:52 INFO  Log:48 - Sceanrio execution ended -------
2021-05-17 07:19:27 INFO  Log:48 - Sceanrio execution started -----
2021-05-17 07:20:09 INFO  Log:48 - Sceanrio execution ended -------
2021-05-17 07:21:05 INFO  Log:48 - Sceanrio execution started -----
2021-05-17 07:21:45 INFO  Log:48 - Sceanrio execution ended -------
